69
CastOSProv6
BakhodirD
MarsXv1
HiroshiF FionaJ MichalB MatasH
ShortsNextv7
FionaF PhilippY HiroshiF
MarsLitev5
BakhodirD TatiyanaC
ClassroomMaxv2
TatiyanaC SusanQ
StreamXv6
BakhodirW JenK SergeyN ClementM FionaJ
BuildMaxv1
MichalB RuthX NellyY BakhodirG SergeyV
DaydreamLitev7
BakhodirW
ConnectLitev9
SundarA
StreetViewProv9
SundarA MatasC ClementE MatasW JenK PhilippK NellyY LarryO
FeedBurnerMaxv3
TatiyanaC LarryO
MapsSv7
SundarA PhilippK FionaF LarryO ClementM ThomasK MatasW LarryX ClementE BakhodirD
AndroidTVNextv1
MatasC NellyX SergeyV LarryO PhilippP ThomasM SergeyU SundarL
ExploreUltrav8
BakhodirD ClementM SergeyV HiroshiF FionaJ SusanQ ClementE
GameProv6
LarryO SusanQ StefanQ
ChromeOSUltrav5
JenK PhilippH SergeyU HiroshiW PhilippK ClementL
WebserverProv6
PhilippP
ChromeNextv7
SergeyV BakhodirD PhilippY
DocsNextv2
SundarP JenK ClementL
ChromeOSLitev3
PhilippP HiroshiW PhilippY
AndroidTVMaxv5
HiroshiF SundarP PhilippK
ResearchXv8
SundarP ClementM BakhodirW JenK ClementE
SitesSv1
SergeyU ClementL
GameProv3
PhilippY
WearOSLitev5
NellyY BakhodirD TatiyanaC JenK PhilippI
ReleaseUltrav1
FionaJ BakhodirD
StreetViewXv1
TatiyanaC JenK FionaF
MarsUltrav8
PhilippI SergeyU SusanQ PhilippP StefanQ BenjaminT RuthX BakhodirG MatasW
GlassOSLitev9
FionaJ BakhodirG SundarA PhilippK HiroshiF PhilippH
CollectionsZv7
HiroshiW SergeyV BakhodirD PhilippI SundarA SergeyN FionaJ
SmartSv2
FionaF BakhodirW PhilippK BenjaminT FionaN
SmartLitev9
JenZ ThomasK PhilippP
DuoMaxv1
FionaJ NellyY PhilippI PhilippP ClementL
StreamXv9
LarryO
MapsProv8
HiroshiW StefanQ LarryX
SitesUltrav5
SergeyU PhilippI MatasW TatiyanaC LarryX StefanQ PhilippY SundarP
DuoZv2
PhilippY SundarP FionaF
DreamSv2
SusanQ PhilippP SergeyN LarryO PhilippI MatasW
AndroidAutoZv2
PhilippH JenK PhilippI LarryX SergeyU
VoiceProv8
MatasW ClementE MatasC ClementM TatiyanaC
FuchsiaXv6
SergeyV SundarA
BloggerNextv8
PhilippP ClementE MatasW SergeyV
AlertsLitev7
SergeyN HiroshiF StefanQ BenjaminT
GameLitev8
PhilippP PhilippK MatasW SergeyN
DuoZv4
ThomasK SundarP LarryX FionaJ PhilippK RuthX ThomasM
CultureProv7
MatasW TatiyanaC PhilippY SergeyU FionaJ ThomasM BakhodirW ClementE
SlidesNextv2
JenZ PhilippH
ShoppingProv8
FionaN PhilippI
SearchNextv1
SergeyV ThomasM MichalB SundarP ThomasK
FeedBurnerMaxv1
MichalB ThomasK ClementL HiroshiF
MapsUltrav3
TatiyanaC HiroshiW PhilippP
SkyLitev6
TatiyanaC ThomasM PhilippI
AssistantUltrav2
MatasC SergeyU StefanQ MichalP BakhodirW PhilippP
StadiaZv1
TatiyanaC ClementM BenjaminT PhilippP
FuchsiaLitev6
PhilippY BenjaminT ThomasK FionaJ BakhodirW PhilippI SergeyV
GlassOSSv3
MatasW JenZ
KeepXv5
PhilippP HiroshiF MichalP
StreetViewNextv3
SusanQ PhilippH JenZ
PhotoProv3
StefanQ HiroshiF BakhodirD SusanQ MichalP SergeyV SergeyU
DataZv2
SusanQ ThomasM ClementM FionaF StefanQ PhilippH SergeyN SergeyT
PhoneUltrav1
BakhodirW LarryO ThomasM SundarH StefanQ
SantaTrackerXv4
HiroshiW ThomasM ClementE BakhodirG ClementL FionaJ SergeyU PhilippH SusanQ MichalP
MoonMaxv4
MichalP HiroshiW FionaF SundarA BakhodirW ThomasM StefanQ ThomasK HiroshiF BakhodirD
WebserverProv4
HiroshiF NellyX PhilippP PhilippI PhilippH ClementE SergeyU MatasW PhilippY
ChatSv4
TatiyanaC BakhodirG PhilippP JenZ
StadiaZv2
BakhodirG JenZ MichalP FionaF ThomasK MatasH
WearOSProv2
FionaN NellyY SergeyV PhilippY FionaJ ThomasM MatasW PhilippH StefanQ
CastOSNextv8
LarryO LarryX ClementM BakhodirG ThomasM BakhodirW NellyY TatiyanaC
StreetViewUltrav4
HiroshiW SergeyU JenZ