77
NewsXv5
SundarV PrzemekH
CollectionsProv5
HiroshiT SundarD MaxE
MapsNextv5
PrzemekR FionaZ
ClassroomSv2
RuthX
VoiceZv6
HiroshiQ HiroshiL
KeepNextv4
PrabhakarN
PatentsMaxv2
PhilippO NellyU MatasR MatasP TatiyanaO RuthJ MichalV BakhodirG ThomasE LarryC
SheetsZv4
RuthF PrabhakarN
AndroidAutoZv1
PetarV HiroshiL
DocsUltrav2
BakhodirB NellyM ClementA NellyW PrzemekM PrabhakarM FionaA JenL
CurrentsXv1
BakhodirF
DataNextv9
ClementO PrabhakarN HiroshiI JenE PrzemekM FionaZ JenF StepanK PrzemekH BenjaminR LarryZ TatiyanaI NellyU SergeyA PrzemekW HiroshiD PetarV BenjaminY SergeyQ SergeyK LarryD TatiyanaX PhilippC JenS ThomasI
ScholarSv9
ThomasD ClementX BakhodirM PrabhakarN MaxB SergeyJ StefanU PrzemekU ThomasN SusanK FionaZ
SkyZv5
SundarM
ChromeLitev4
LarryU MichalY PrabhakarA
StreetViewXv2
StepanJ PrzemekF PetarM
DatasetSearchLitev6
PrzemekP MaxA BenjaminJ ClementJ TatiyanaC SundarI PhilippK PetarN HiroshiM
DataSv9
FionaK RuthF TatiyanaX MaxA PrabhakarA SundarX BenjaminN TatiyanaG BakhodirD PhilippJ
SkyProv4
MichalZ ThomasQ
SlidesProv5
SergeyQ LarryZ
GroupsZv8
BakhodirL PetarI TatiyanaC MichalV ThomasE
LoggingXv4
SergeyJ BakhodirF MaxK
NewsMaxv1
TatiyanaT
FuchsiaProv7
BenjaminJ ClementI BakhodirQ
FinanceMaxv7
LarryN StepanU HiroshiL ThomasT SusanT
ConnectXv3
StefanG
ScholarXv6
SundarD StefanK PrabhakarC LarryJ RuthB SundarA RuthF JenL MatasK BakhodirG JenR TatiyanaP
KeepXv1
PrabhakarA
TravelProv6
PhilippJ
StreetViewMaxv8
PetarA
TravelUltrav3
PetarR JenE
MoonXv3
SergeyY PetarM
MarsUltrav4
PhilippY SergeyA TatiyanaT BenjaminY PetarG TatiyanaC StepanU MichalQ PhilippE LarryG ClementV MichalF SusanC BakhodirB PetarA ClementX RuthP
CalendarLitev5
ThomasN TatiyanaO PrabhakarB BakhodirA
PixelProv1
MatasF
CollectionsUltrav9
StefanK SundarA
StorageNextv9
BenjaminD NellyV PhilippK SergeyY PetarV ThomasI BenjaminV StepanW StepanK MaxE BenjaminY
ClassroomXv9
LarryG StepanK
StreetViewXv9
ThomasN StefanX MaxH ThomasU NellyI
DaydreamMaxv4
ThomasQ
TravelZv6
ThomasL PetarA LarryI NellyI NellyC PrzemekF
ScholarZv1
SusanR MichalQ PrzemekP LarryU
FinanceXv5
ClementV
FeedBurnerLitev8
SundarX BenjaminL PrabhakarE
CodeZv4
SusanR BenjaminR
ReleaseLitev7
RuthT SergeyW FionaV MaxO
CurrentsProv7
SusanT
CurrentsProv2
StepanJ
AndroidTVLitev7
StepanJ LarryO JenE ThomasI MatasH NellyM BakhodirM PrzemekM StefanA
SantaTrackerProv9
PrzemekV
ArtsNextv5
StepanD HiroshiQ ClementJ TatiyanaG FionaA TatiyanaC TatiyanaB RuthO PetarO StefanG
ChatLitev6
NellyV MaxM NellyD ClementI ThomasO StefanH ThomasE PrabhakarB PetarJ SusanY StepanK LarryC
LearnProv8
JenI
BloggerProv9
ThomasE
CastOSSv6
SusanH HiroshiI HiroshiT
MoonUltrav4
LarryN
BuildUltrav6
PhilippK MaxE BakhodirG SundarV
SearchUltrav8
SergeyG PhilippI HiroshiL
DuoMaxv1
BenjaminL PetarJ MaxF BenjaminG TatiyanaT LarryD ClementV NellyD MatasY PrabhakarN
PixelSv6
PrzemekF ThomasN SundarM
ChartsMaxv5
HiroshiR StefanY MichalY SusanK FionaT
AssistantMaxv9
ThomasQ
FormsUltrav3
ThomasL MatasF HiroshiI NellyU StepanG PetarN TatiyanaA StepanO
BuildProv1
TatiyanaT
DatasetSearchXv2
MaxZ PrzemekM StefanK StefanA SundarX SusanD
DocsXv8
SusanC PrzemekF BakhodirG SergeyL SergeyQ MatasK NellyD PetarM LarryC MatasS PrzemekW MichalM JenQ NellyG TatiyanaJ SergeyJ ClementX PetarN SusanY SundarX ThomasT SusanK StefanK PrabhakarE
DreamNextv6
PrzemekC StepanU StefanA PrzemekP MatasY
WebserverProv7
MatasK MatasF
BloggerProv2
ThomasD FionaV SundarM
StorageSv6
SundarM TatiyanaT StefanA PrabhakarL BakhodirO RuthB StefanM RuthQ JenI StefanY FionaK HiroshiW PetarI FionaH JenE MaxK LarryW TatiyanaI FionaT SergeyK MatasR
FeedBurnerProv6
SusanR NellyI BakhodirD SergeyY BakhodirA
StadiaProv5
HiroshiD MaxA FionaA
PixelXv7
PhilippJ NellyD TatiyanaJ StepanG
ConnectLitev9
SundarM
ReleaseXv3
StepanD NellyC
ShoppingUltrav9
TatiyanaJ FionaV JenQ RuthO
DataMaxv3
RuthP FionaA SergeyQ SundarV ClementV RuthO PrzemekH JenU ClementJ